2023-06-09 11:25:38 error: uncaughtException: Cannot find module 'ethers'
Require stack:
- /home/at0x/hackzor/stools/packages/daback/src/controllers/lensControllers/index.js
- /home/at0x/hackzor/stools/packages/daback/src/app.ts
- /home/at0x/hackzor/stools/packages/daback/src/server.ts
Error: Cannot find module 'ethers'
Require stack:
- /home/at0x/hackzor/stools/packages/daback/src/controllers/lensControllers/index.js
- /home/at0x/hackzor/stools/packages/daback/src/app.ts
- /home/at0x/hackzor/stools/packages/daback/src/server.ts
    at Function.Module._resolveFilename (node:internal/modules/cjs/loader:1060:15)
    at Function.Module._resolveFilename.sharedData.moduleResolveFilenameHook.installedValue (/home/at0x/hackzor/stools/packages/daback/node_modules/@cspotcode/source-map-support/source-map-support.js:811:30)
    at Function.Module._resolveFilename (/home/at0x/hackzor/stools/packages/daback/node_modules/tsconfig-paths/src/register.ts:115:36)
    at Function.Module._load (node:internal/modules/cjs/loader:905:27)
    at Module.require (node:internal/modules/cjs/loader:1127:19)
    at require (node:internal/modules/helpers:112:18)
    at Object.<anonymous> (/home/at0x/hackzor/stools/packages/daback/src/controllers/lensControllers/index.js:13:1)
    at Module._compile (node:internal/modules/cjs/loader:1246:14)
    at Module.m._compile (/home/at0x/hackzor/stools/packages/daback/node_modules/ts-node/src/index.ts:1618:23)
    at Module._extensions..js (node:internal/modules/cjs/loader:1300:10)
2023-06-09 11:27:46 error: uncaughtException: Cannot find module 'ethers'
Require stack:
- /home/at0x/hackzor/stools/packages/daback/src/controllers/lensControllers/index.js
- /home/at0x/hackzor/stools/packages/daback/src/app.ts
- /home/at0x/hackzor/stools/packages/daback/src/server.ts
Error: Cannot find module 'ethers'
Require stack:
- /home/at0x/hackzor/stools/packages/daback/src/controllers/lensControllers/index.js
- /home/at0x/hackzor/stools/packages/daback/src/app.ts
- /home/at0x/hackzor/stools/packages/daback/src/server.ts
    at Function.Module._resolveFilename (node:internal/modules/cjs/loader:1060:15)
    at Function.Module._resolveFilename.sharedData.moduleResolveFilenameHook.installedValue (/home/at0x/hackzor/stools/packages/daback/node_modules/@cspotcode/source-map-support/source-map-support.js:811:30)
    at Function.Module._resolveFilename (/home/at0x/hackzor/stools/packages/daback/node_modules/tsconfig-paths/src/register.ts:115:36)
    at Function.Module._load (node:internal/modules/cjs/loader:905:27)
    at Module.require (node:internal/modules/cjs/loader:1127:19)
    at require (node:internal/modules/helpers:112:18)
    at Object.<anonymous> (/home/at0x/hackzor/stools/packages/daback/src/controllers/lensControllers/index.js:13:1)
    at Module._compile (node:internal/modules/cjs/loader:1246:14)
    at Module.m._compile (/home/at0x/hackzor/stools/packages/daback/node_modules/ts-node/src/index.ts:1618:23)
    at Module._extensions..js (node:internal/modules/cjs/loader:1300:10)
2023-06-09 11:28:05 error: uncaughtException: Cannot find module 'ethers'
Require stack:
- /home/at0x/hackzor/stools/packages/daback/src/controllers/lensControllers/index.js
- /home/at0x/hackzor/stools/packages/daback/src/app.ts
- /home/at0x/hackzor/stools/packages/daback/src/server.ts
Error: Cannot find module 'ethers'
Require stack:
- /home/at0x/hackzor/stools/packages/daback/src/controllers/lensControllers/index.js
- /home/at0x/hackzor/stools/packages/daback/src/app.ts
- /home/at0x/hackzor/stools/packages/daback/src/server.ts
    at Function.Module._resolveFilename (node:internal/modules/cjs/loader:1060:15)
    at Function.Module._resolveFilename.sharedData.moduleResolveFilenameHook.installedValue (/home/at0x/hackzor/stools/packages/daback/node_modules/@cspotcode/source-map-support/source-map-support.js:811:30)
    at Function.Module._resolveFilename (/home/at0x/hackzor/stools/packages/daback/node_modules/tsconfig-paths/src/register.ts:115:36)
    at Function.Module._load (node:internal/modules/cjs/loader:905:27)
    at Module.require (node:internal/modules/cjs/loader:1127:19)
    at require (node:internal/modules/helpers:112:18)
    at Object.<anonymous> (/home/at0x/hackzor/stools/packages/daback/src/controllers/lensControllers/index.js:13:1)
    at Module._compile (node:internal/modules/cjs/loader:1246:14)
    at Module.m._compile (/home/at0x/hackzor/stools/packages/daback/node_modules/ts-node/src/index.ts:1618:23)
    at Module._extensions..js (node:internal/modules/cjs/loader:1300:10)
2023-06-09 11:28:36 error: uncaughtException: Cannot find module 'ethers'
Require stack:
- /home/at0x/hackzor/stools/packages/daback/src/controllers/lensControllers/index.js
- /home/at0x/hackzor/stools/packages/daback/src/app.ts
- /home/at0x/hackzor/stools/packages/daback/src/server.ts
Error: Cannot find module 'ethers'
Require stack:
- /home/at0x/hackzor/stools/packages/daback/src/controllers/lensControllers/index.js
- /home/at0x/hackzor/stools/packages/daback/src/app.ts
- /home/at0x/hackzor/stools/packages/daback/src/server.ts
    at Function.Module._resolveFilename (node:internal/modules/cjs/loader:1060:15)
    at Function.Module._resolveFilename.sharedData.moduleResolveFilenameHook.installedValue (/home/at0x/hackzor/stools/packages/daback/node_modules/@cspotcode/source-map-support/source-map-support.js:811:30)
    at Function.Module._resolveFilename (/home/at0x/hackzor/stools/packages/daback/node_modules/tsconfig-paths/src/register.ts:115:36)
    at Function.Module._load (node:internal/modules/cjs/loader:905:27)
    at Module.require (node:internal/modules/cjs/loader:1127:19)
    at require (node:internal/modules/helpers:112:18)
    at Object.<anonymous> (/home/at0x/hackzor/stools/packages/daback/src/controllers/lensControllers/index.js:13:1)
    at Module._compile (node:internal/modules/cjs/loader:1246:14)
    at Module.m._compile (/home/at0x/hackzor/stools/packages/daback/node_modules/ts-node/src/index.ts:1618:23)
    at Module._extensions..js (node:internal/modules/cjs/loader:1300:10)
2023-06-09 11:28:44 error: uncaughtException: Cannot find module 'ethers'
Require stack:
- /home/at0x/hackzor/stools/packages/daback/src/controllers/lensControllers/index.js
- /home/at0x/hackzor/stools/packages/daback/src/app.ts
- /home/at0x/hackzor/stools/packages/daback/src/server.ts
Error: Cannot find module 'ethers'
Require stack:
- /home/at0x/hackzor/stools/packages/daback/src/controllers/lensControllers/index.js
- /home/at0x/hackzor/stools/packages/daback/src/app.ts
- /home/at0x/hackzor/stools/packages/daback/src/server.ts
    at Function.Module._resolveFilename (node:internal/modules/cjs/loader:1060:15)
    at Function.Module._resolveFilename.sharedData.moduleResolveFilenameHook.installedValue (/home/at0x/hackzor/stools/packages/daback/node_modules/@cspotcode/source-map-support/source-map-support.js:811:30)
    at Function.Module._resolveFilename (/home/at0x/hackzor/stools/packages/daback/node_modules/tsconfig-paths/src/register.ts:115:36)
    at Function.Module._load (node:internal/modules/cjs/loader:905:27)
    at Module.require (node:internal/modules/cjs/loader:1127:19)
    at require (node:internal/modules/helpers:112:18)
    at Object.<anonymous> (/home/at0x/hackzor/stools/packages/daback/src/controllers/lensControllers/index.js:13:1)
    at Module._compile (node:internal/modules/cjs/loader:1246:14)
    at Module.m._compile (/home/at0x/hackzor/stools/packages/daback/node_modules/ts-node/src/index.ts:1618:23)
    at Module._extensions..js (node:internal/modules/cjs/loader:1300:10)
2023-06-09 11:30:11 error: uncaughtException: Cannot find module 'ethers'
Require stack:
- /home/at0x/hackzor/stools/packages/daback/src/controllers/lensControllers/index.js
- /home/at0x/hackzor/stools/packages/daback/src/app.ts
- /home/at0x/hackzor/stools/packages/daback/src/server.ts
Error: Cannot find module 'ethers'
Require stack:
- /home/at0x/hackzor/stools/packages/daback/src/controllers/lensControllers/index.js
- /home/at0x/hackzor/stools/packages/daback/src/app.ts
- /home/at0x/hackzor/stools/packages/daback/src/server.ts
    at Function.Module._resolveFilename (node:internal/modules/cjs/loader:1060:15)
    at Function.Module._resolveFilename.sharedData.moduleResolveFilenameHook.installedValue (/home/at0x/hackzor/stools/packages/daback/node_modules/@cspotcode/source-map-support/source-map-support.js:811:30)
    at Function.Module._resolveFilename (/home/at0x/hackzor/stools/packages/daback/node_modules/tsconfig-paths/src/register.ts:115:36)
    at Function.Module._load (node:internal/modules/cjs/loader:905:27)
    at Module.require (node:internal/modules/cjs/loader:1127:19)
    at require (node:internal/modules/helpers:112:18)
    at Object.<anonymous> (/home/at0x/hackzor/stools/packages/daback/src/controllers/lensControllers/index.js:13:1)
    at Module._compile (node:internal/modules/cjs/loader:1246:14)
    at Module.m._compile (/home/at0x/hackzor/stools/packages/daback/node_modules/ts-node/src/index.ts:1618:23)
    at Module._extensions..js (node:internal/modules/cjs/loader:1300:10)
2023-06-09 11:31:15 error: uncaughtException: Cannot find module 'ethers'
Require stack:
- /home/at0x/hackzor/stools/packages/daback/src/controllers/lensControllers/index.js
- /home/at0x/hackzor/stools/packages/daback/src/app.ts
- /home/at0x/hackzor/stools/packages/daback/src/server.ts
Error: Cannot find module 'ethers'
Require stack:
- /home/at0x/hackzor/stools/packages/daback/src/controllers/lensControllers/index.js
- /home/at0x/hackzor/stools/packages/daback/src/app.ts
- /home/at0x/hackzor/stools/packages/daback/src/server.ts
    at Function.Module._resolveFilename (node:internal/modules/cjs/loader:1060:15)
    at Function.Module._resolveFilename.sharedData.moduleResolveFilenameHook.installedValue (/home/at0x/hackzor/stools/packages/daback/node_modules/@cspotcode/source-map-support/source-map-support.js:811:30)
    at Function.Module._resolveFilename (/home/at0x/hackzor/stools/packages/daback/node_modules/tsconfig-paths/src/register.ts:115:36)
    at Function.Module._load (node:internal/modules/cjs/loader:905:27)
    at Module.require (node:internal/modules/cjs/loader:1127:19)
    at require (node:internal/modules/helpers:112:18)
    at Object.<anonymous> (/home/at0x/hackzor/stools/packages/daback/src/controllers/lensControllers/index.js:13:1)
    at Module._compile (node:internal/modules/cjs/loader:1246:14)
    at Module.m._compile (/home/at0x/hackzor/stools/packages/daback/node_modules/ts-node/src/index.ts:1618:23)
    at Module._extensions..js (node:internal/modules/cjs/loader:1300:10)
2023-06-09 11:31:30 error: uncaughtException: Cannot find module 'ethers'
Require stack:
- /home/at0x/hackzor/stools/packages/daback/src/controllers/lensControllers/index.js
- /home/at0x/hackzor/stools/packages/daback/src/app.ts
- /home/at0x/hackzor/stools/packages/daback/src/server.ts
Error: Cannot find module 'ethers'
Require stack:
- /home/at0x/hackzor/stools/packages/daback/src/controllers/lensControllers/index.js
- /home/at0x/hackzor/stools/packages/daback/src/app.ts
- /home/at0x/hackzor/stools/packages/daback/src/server.ts
    at Function.Module._resolveFilename (node:internal/modules/cjs/loader:1060:15)
    at Function.Module._resolveFilename.sharedData.moduleResolveFilenameHook.installedValue (/home/at0x/hackzor/stools/packages/daback/node_modules/@cspotcode/source-map-support/source-map-support.js:811:30)
    at Function.Module._resolveFilename (/home/at0x/hackzor/stools/packages/daback/node_modules/tsconfig-paths/src/register.ts:115:36)
    at Function.Module._load (node:internal/modules/cjs/loader:905:27)
    at Module.require (node:internal/modules/cjs/loader:1127:19)
    at require (node:internal/modules/helpers:112:18)
    at Object.<anonymous> (/home/at0x/hackzor/stools/packages/daback/src/controllers/lensControllers/index.js:13:1)
    at Module._compile (node:internal/modules/cjs/loader:1246:14)
    at Module.m._compile (/home/at0x/hackzor/stools/packages/daback/node_modules/ts-node/src/index.ts:1618:23)
    at Module._extensions..js (node:internal/modules/cjs/loader:1300:10)
2023-06-09 11:33:33 error: uncaughtException: Cannot find module 'ethers'
Require stack:
- /home/at0x/hackzor/stools/packages/daback/src/controllers/lensControllers/index.js
- /home/at0x/hackzor/stools/packages/daback/src/app.ts
- /home/at0x/hackzor/stools/packages/daback/src/server.ts
Error: Cannot find module 'ethers'
Require stack:
- /home/at0x/hackzor/stools/packages/daback/src/controllers/lensControllers/index.js
- /home/at0x/hackzor/stools/packages/daback/src/app.ts
- /home/at0x/hackzor/stools/packages/daback/src/server.ts
    at Function.Module._resolveFilename (node:internal/modules/cjs/loader:1060:15)
    at Function.Module._resolveFilename.sharedData.moduleResolveFilenameHook.installedValue (/home/at0x/hackzor/stools/packages/daback/node_modules/@cspotcode/source-map-support/source-map-support.js:811:30)
    at Function.Module._resolveFilename (/home/at0x/hackzor/stools/packages/daback/node_modules/tsconfig-paths/src/register.ts:115:36)
    at Function.Module._load (node:internal/modules/cjs/loader:905:27)
    at Module.require (node:internal/modules/cjs/loader:1127:19)
    at require (node:internal/modules/helpers:112:18)
    at Object.<anonymous> (/home/at0x/hackzor/stools/packages/daback/src/controllers/lensControllers/index.js:13:1)
    at Module._compile (node:internal/modules/cjs/loader:1246:14)
    at Module.m._compile (/home/at0x/hackzor/stools/packages/daback/node_modules/ts-node/src/index.ts:1618:23)
    at Module._extensions..js (node:internal/modules/cjs/loader:1300:10)
2023-06-09 11:34:14 error: uncaughtException: Cannot find module './lensControllers/index.js'
Require stack:
- /home/at0x/hackzor/stools/packages/daback/src/app.ts
- /home/at0x/hackzor/stools/packages/daback/src/server.ts
Error: Cannot find module './lensControllers/index.js'
Require stack:
- /home/at0x/hackzor/stools/packages/daback/src/app.ts
- /home/at0x/hackzor/stools/packages/daback/src/server.ts
    at Function.Module._resolveFilename (node:internal/modules/cjs/loader:1060:15)
    at Function.Module._resolveFilename.sharedData.moduleResolveFilenameHook.installedValue (/home/at0x/hackzor/stools/packages/daback/node_modules/@cspotcode/source-map-support/source-map-support.js:811:30)
    at Function.Module._resolveFilename (/home/at0x/hackzor/stools/packages/daback/node_modules/tsconfig-paths/src/register.ts:115:36)
    at Function.Module._load (node:internal/modules/cjs/loader:905:27)
    at Module.require (node:internal/modules/cjs/loader:1127:19)
    at require (node:internal/modules/helpers:112:18)
    at Object.<anonymous> (/home/at0x/hackzor/stools/packages/daback/src/app.ts:15:1)
    at Module._compile (node:internal/modules/cjs/loader:1246:14)
    at Module.m._compile (/home/at0x/hackzor/stools/packages/daback/node_modules/ts-node/src/index.ts:1618:23)
    at Module._extensions..js (node:internal/modules/cjs/loader:1300:10)
2023-06-09 11:34:37 error: uncaughtException: Cannot find module './lensControllers/index.js'
Require stack:
- /home/at0x/hackzor/stools/packages/daback/src/app.ts
- /home/at0x/hackzor/stools/packages/daback/src/server.ts
Error: Cannot find module './lensControllers/index.js'
Require stack:
- /home/at0x/hackzor/stools/packages/daback/src/app.ts
- /home/at0x/hackzor/stools/packages/daback/src/server.ts
    at Function.Module._resolveFilename (node:internal/modules/cjs/loader:1060:15)
    at Function.Module._resolveFilename.sharedData.moduleResolveFilenameHook.installedValue (/home/at0x/hackzor/stools/packages/daback/node_modules/@cspotcode/source-map-support/source-map-support.js:811:30)
    at Function.Module._resolveFilename (/home/at0x/hackzor/stools/packages/daback/node_modules/tsconfig-paths/src/register.ts:115:36)
    at Function.Module._load (node:internal/modules/cjs/loader:905:27)
    at Module.require (node:internal/modules/cjs/loader:1127:19)
    at require (node:internal/modules/helpers:112:18)
    at Object.<anonymous> (/home/at0x/hackzor/stools/packages/daback/src/app.ts:15:1)
    at Module._compile (node:internal/modules/cjs/loader:1246:14)
    at Module.m._compile (/home/at0x/hackzor/stools/packages/daback/node_modules/ts-node/src/index.ts:1618:23)
    at Module._extensions..js (node:internal/modules/cjs/loader:1300:10)
2023-06-09 11:34:49 error: uncaughtException: Cannot find module './lensControllers/index.js'
Require stack:
- /home/at0x/hackzor/stools/packages/daback/src/app.ts
- /home/at0x/hackzor/stools/packages/daback/src/server.ts
Error: Cannot find module './lensControllers/index.js'
Require stack:
- /home/at0x/hackzor/stools/packages/daback/src/app.ts
- /home/at0x/hackzor/stools/packages/daback/src/server.ts
    at Function.Module._resolveFilename (node:internal/modules/cjs/loader:1060:15)
    at Function.Module._resolveFilename.sharedData.moduleResolveFilenameHook.installedValue (/home/at0x/hackzor/stools/packages/daback/node_modules/@cspotcode/source-map-support/source-map-support.js:811:30)
    at Function.Module._resolveFilename (/home/at0x/hackzor/stools/packages/daback/node_modules/tsconfig-paths/src/register.ts:115:36)
    at Function.Module._load (node:internal/modules/cjs/loader:905:27)
    at Module.require (node:internal/modules/cjs/loader:1127:19)
    at require (node:internal/modules/helpers:112:18)
    at Object.<anonymous> (/home/at0x/hackzor/stools/packages/daback/src/app.ts:15:1)
    at Module._compile (node:internal/modules/cjs/loader:1246:14)
    at Module.m._compile (/home/at0x/hackzor/stools/packages/daback/node_modules/ts-node/src/index.ts:1618:23)
    at Module._extensions..js (node:internal/modules/cjs/loader:1300:10)
2023-06-09 11:36:14 error: uncaughtException: Cannot find module './lensControllers/index.js'
Require stack:
- /home/at0x/hackzor/stools/packages/daback/src/app.ts
- /home/at0x/hackzor/stools/packages/daback/src/server.ts
Error: Cannot find module './lensControllers/index.js'
Require stack:
- /home/at0x/hackzor/stools/packages/daback/src/app.ts
- /home/at0x/hackzor/stools/packages/daback/src/server.ts
    at Function.Module._resolveFilename (node:internal/modules/cjs/loader:1060:15)
    at Function.Module._resolveFilename.sharedData.moduleResolveFilenameHook.installedValue (/home/at0x/hackzor/stools/packages/daback/node_modules/@cspotcode/source-map-support/source-map-support.js:811:30)
    at Function.Module._resolveFilename (/home/at0x/hackzor/stools/packages/daback/node_modules/tsconfig-paths/src/register.ts:115:36)
    at Function.Module._load (node:internal/modules/cjs/loader:905:27)
    at Module.require (node:internal/modules/cjs/loader:1127:19)
    at require (node:internal/modules/helpers:112:18)
    at Object.<anonymous> (/home/at0x/hackzor/stools/packages/daback/src/app.ts:15:1)
    at Module._compile (node:internal/modules/cjs/loader:1246:14)
    at Module.m._compile (/home/at0x/hackzor/stools/packages/daback/node_modules/ts-node/src/index.ts:1618:23)
    at Module._extensions..js (node:internal/modules/cjs/loader:1300:10)
2023-06-09 11:36:49 error: uncaughtException: Cannot find module './lensControllers/index.js'
Require stack:
- /home/at0x/hackzor/stools/packages/daback/src/app.ts
- /home/at0x/hackzor/stools/packages/daback/src/server.ts
Error: Cannot find module './lensControllers/index.js'
Require stack:
- /home/at0x/hackzor/stools/packages/daback/src/app.ts
- /home/at0x/hackzor/stools/packages/daback/src/server.ts
    at Function.Module._resolveFilename (node:internal/modules/cjs/loader:1060:15)
    at Function.Module._resolveFilename.sharedData.moduleResolveFilenameHook.installedValue (/home/at0x/hackzor/stools/packages/daback/node_modules/@cspotcode/source-map-support/source-map-support.js:811:30)
    at Function.Module._resolveFilename (/home/at0x/hackzor/stools/packages/daback/node_modules/tsconfig-paths/src/register.ts:115:36)
    at Function.Module._load (node:internal/modules/cjs/loader:905:27)
    at Module.require (node:internal/modules/cjs/loader:1127:19)
    at require (node:internal/modules/helpers:112:18)
    at Object.<anonymous> (/home/at0x/hackzor/stools/packages/daback/src/app.ts:15:1)
    at Module._compile (node:internal/modules/cjs/loader:1246:14)
    at Module.m._compile (/home/at0x/hackzor/stools/packages/daback/node_modules/ts-node/src/index.ts:1618:23)
    at Module._extensions..js (node:internal/modules/cjs/loader:1300:10)
2023-06-09 11:39:01 error: uncaughtException: Cannot find module './lensControllers/index.js'
Require stack:
- /home/at0x/hackzor/stools/packages/daback/src/app.ts
- /home/at0x/hackzor/stools/packages/daback/src/server.ts
Error: Cannot find module './lensControllers/index.js'
Require stack:
- /home/at0x/hackzor/stools/packages/daback/src/app.ts
- /home/at0x/hackzor/stools/packages/daback/src/server.ts
    at Function.Module._resolveFilename (node:internal/modules/cjs/loader:1060:15)
    at Function.Module._resolveFilename.sharedData.moduleResolveFilenameHook.installedValue (/home/at0x/hackzor/stools/packages/daback/node_modules/@cspotcode/source-map-support/source-map-support.js:811:30)
    at Function.Module._resolveFilename (/home/at0x/hackzor/stools/packages/daback/node_modules/tsconfig-paths/src/register.ts:115:36)
    at Function.Module._load (node:internal/modules/cjs/loader:905:27)
    at Module.require (node:internal/modules/cjs/loader:1127:19)
    at require (node:internal/modules/helpers:112:18)
    at Object.<anonymous> (/home/at0x/hackzor/stools/packages/daback/src/app.ts:15:1)
    at Module._compile (node:internal/modules/cjs/loader:1246:14)
    at Module.m._compile (/home/at0x/hackzor/stools/packages/daback/node_modules/ts-node/src/index.ts:1618:23)
    at Module._extensions..js (node:internal/modules/cjs/loader:1300:10)
2023-06-09 11:40:08 error: uncaughtException: Cannot find module 'ethers'
Require stack:
- /home/at0x/hackzor/stools/packages/daback/src/controllers/lensControllers/index.js
- /home/at0x/hackzor/stools/packages/daback/src/app.ts
- /home/at0x/hackzor/stools/packages/daback/src/server.ts
Error: Cannot find module 'ethers'
Require stack:
- /home/at0x/hackzor/stools/packages/daback/src/controllers/lensControllers/index.js
- /home/at0x/hackzor/stools/packages/daback/src/app.ts
- /home/at0x/hackzor/stools/packages/daback/src/server.ts
    at Function.Module._resolveFilename (node:internal/modules/cjs/loader:1060:15)
    at Function.Module._resolveFilename.sharedData.moduleResolveFilenameHook.installedValue (/home/at0x/hackzor/stools/packages/daback/node_modules/@cspotcode/source-map-support/source-map-support.js:811:30)
    at Function.Module._resolveFilename (/home/at0x/hackzor/stools/packages/daback/node_modules/tsconfig-paths/src/register.ts:115:36)
    at Function.Module._load (node:internal/modules/cjs/loader:905:27)
    at Module.require (node:internal/modules/cjs/loader:1127:19)
    at require (node:internal/modules/helpers:112:18)
    at Object.<anonymous> (/home/at0x/hackzor/stools/packages/daback/src/controllers/lensControllers/index.js:13:1)
    at Module._compile (node:internal/modules/cjs/loader:1246:14)
    at Module.m._compile (/home/at0x/hackzor/stools/packages/daback/node_modules/ts-node/src/index.ts:1618:23)
    at Module._extensions..js (node:internal/modules/cjs/loader:1300:10)
2023-06-09 11:40:46 error: uncaughtException: Cannot find module 'ethers'
Require stack:
- /home/at0x/hackzor/stools/packages/daback/src/controllers/lensControllers/index.js
- /home/at0x/hackzor/stools/packages/daback/src/app.ts
- /home/at0x/hackzor/stools/packages/daback/src/server.ts
Error: Cannot find module 'ethers'
Require stack:
- /home/at0x/hackzor/stools/packages/daback/src/controllers/lensControllers/index.js
- /home/at0x/hackzor/stools/packages/daback/src/app.ts
- /home/at0x/hackzor/stools/packages/daback/src/server.ts
    at Function.Module._resolveFilename (node:internal/modules/cjs/loader:1060:15)
    at Function.Module._resolveFilename.sharedData.moduleResolveFilenameHook.installedValue (/home/at0x/hackzor/stools/packages/daback/node_modules/@cspotcode/source-map-support/source-map-support.js:811:30)
    at Function.Module._resolveFilename (/home/at0x/hackzor/stools/packages/daback/node_modules/tsconfig-paths/src/register.ts:115:36)
    at Function.Module._load (node:internal/modules/cjs/loader:905:27)
    at Module.require (node:internal/modules/cjs/loader:1127:19)
    at require (node:internal/modules/helpers:112:18)
    at Object.<anonymous> (/home/at0x/hackzor/stools/packages/daback/src/controllers/lensControllers/index.js:13:1)
    at Module._compile (node:internal/modules/cjs/loader:1246:14)
    at Module.m._compile (/home/at0x/hackzor/stools/packages/daback/node_modules/ts-node/src/index.ts:1618:23)
    at Module._extensions..js (node:internal/modules/cjs/loader:1300:10)
2023-06-09 11:43:08 error: uncaughtException: Cannot find module 'ethers'
Require stack:
- /home/at0x/hackzor/stools/packages/daback/src/controllers/lensControllers/index.js
- /home/at0x/hackzor/stools/packages/daback/src/app.ts
- /home/at0x/hackzor/stools/packages/daback/src/server.ts
Error: Cannot find module 'ethers'
Require stack:
- /home/at0x/hackzor/stools/packages/daback/src/controllers/lensControllers/index.js
- /home/at0x/hackzor/stools/packages/daback/src/app.ts
- /home/at0x/hackzor/stools/packages/daback/src/server.ts
    at Function.Module._resolveFilename (node:internal/modules/cjs/loader:1060:15)
    at Function.Module._resolveFilename.sharedData.moduleResolveFilenameHook.installedValue (/home/at0x/hackzor/stools/packages/daback/node_modules/@cspotcode/source-map-support/source-map-support.js:811:30)
    at Function.Module._resolveFilename (/home/at0x/hackzor/stools/packages/daback/node_modules/tsconfig-paths/src/register.ts:115:36)
    at Function.Module._load (node:internal/modules/cjs/loader:905:27)
    at Module.require (node:internal/modules/cjs/loader:1127:19)
    at require (node:internal/modules/helpers:112:18)
    at Object.<anonymous> (/home/at0x/hackzor/stools/packages/daback/src/controllers/lensControllers/index.js:13:1)
    at Module._compile (node:internal/modules/cjs/loader:1246:14)
    at Module.m._compile (/home/at0x/hackzor/stools/packages/daback/node_modules/ts-node/src/index.ts:1618:23)
    at Module._extensions..js (node:internal/modules/cjs/loader:1300:10)
2023-06-09 11:45:37 error: uncaughtException: Cannot find module '../ipfs.js/index.js'
Require stack:
- /home/at0x/hackzor/stools/packages/daback/src/controllers/lensControllers/index.js
- /home/at0x/hackzor/stools/packages/daback/src/app.ts
- /home/at0x/hackzor/stools/packages/daback/src/server.ts
Error: Cannot find module '../ipfs.js/index.js'
Require stack:
- /home/at0x/hackzor/stools/packages/daback/src/controllers/lensControllers/index.js
- /home/at0x/hackzor/stools/packages/daback/src/app.ts
- /home/at0x/hackzor/stools/packages/daback/src/server.ts
    at Function.Module._resolveFilename (node:internal/modules/cjs/loader:1060:15)
    at Function.Module._resolveFilename.sharedData.moduleResolveFilenameHook.installedValue (/home/at0x/hackzor/stools/packages/daback/node_modules/@cspotcode/source-map-support/source-map-support.js:811:30)
    at Function.Module._resolveFilename (/home/at0x/hackzor/stools/packages/daback/node_modules/tsconfig-paths/src/register.ts:115:36)
    at Function.Module._load (node:internal/modules/cjs/loader:905:27)
    at Module.require (node:internal/modules/cjs/loader:1127:19)
    at require (node:internal/modules/helpers:112:18)
    at Object.<anonymous> (/home/at0x/hackzor/stools/packages/daback/src/controllers/lensControllers/index.js:17:1)
    at Module._compile (node:internal/modules/cjs/loader:1246:14)
    at Module.m._compile (/home/at0x/hackzor/stools/packages/daback/node_modules/ts-node/src/index.ts:1618:23)
    at Module._extensions..js (node:internal/modules/cjs/loader:1300:10)
2023-06-09 11:46:31 error: uncaughtException: Cannot find module '../ipfs.js/index.js'
Require stack:
- /home/at0x/hackzor/stools/packages/daback/src/controllers/lensControllers/index.js
- /home/at0x/hackzor/stools/packages/daback/src/app.ts
- /home/at0x/hackzor/stools/packages/daback/src/server.ts
Error: Cannot find module '../ipfs.js/index.js'
Require stack:
- /home/at0x/hackzor/stools/packages/daback/src/controllers/lensControllers/index.js
- /home/at0x/hackzor/stools/packages/daback/src/app.ts
- /home/at0x/hackzor/stools/packages/daback/src/server.ts
    at Function.Module._resolveFilename (node:internal/modules/cjs/loader:1060:15)
    at Function.Module._resolveFilename.sharedData.moduleResolveFilenameHook.installedValue (/home/at0x/hackzor/stools/packages/daback/node_modules/@cspotcode/source-map-support/source-map-support.js:811:30)
    at Function.Module._resolveFilename (/home/at0x/hackzor/stools/packages/daback/node_modules/tsconfig-paths/src/register.ts:115:36)
    at Function.Module._load (node:internal/modules/cjs/loader:905:27)
    at Module.require (node:internal/modules/cjs/loader:1127:19)
    at require (node:internal/modules/helpers:112:18)
    at Object.<anonymous> (/home/at0x/hackzor/stools/packages/daback/src/controllers/lensControllers/index.js:17:1)
    at Module._compile (node:internal/modules/cjs/loader:1246:14)
    at Module.m._compile (/home/at0x/hackzor/stools/packages/daback/node_modules/ts-node/src/index.ts:1618:23)
    at Module._extensions..js (node:internal/modules/cjs/loader:1300:10)
2023-06-09 11:48:37 error: uncaughtException: Cannot find module '../ipfs.js/index.js'
Require stack:
- /home/at0x/hackzor/stools/packages/daback/src/controllers/lensControllers/index.js
- /home/at0x/hackzor/stools/packages/daback/src/app.ts
- /home/at0x/hackzor/stools/packages/daback/src/server.ts
Error: Cannot find module '../ipfs.js/index.js'
Require stack:
- /home/at0x/hackzor/stools/packages/daback/src/controllers/lensControllers/index.js
- /home/at0x/hackzor/stools/packages/daback/src/app.ts
- /home/at0x/hackzor/stools/packages/daback/src/server.ts
    at Function.Module._resolveFilename (node:internal/modules/cjs/loader:1060:15)
    at Function.Module._resolveFilename.sharedData.moduleResolveFilenameHook.installedValue (/home/at0x/hackzor/stools/packages/daback/node_modules/@cspotcode/source-map-support/source-map-support.js:811:30)
    at Function.Module._resolveFilename (/home/at0x/hackzor/stools/packages/daback/node_modules/tsconfig-paths/src/register.ts:115:36)
    at Function.Module._load (node:internal/modules/cjs/loader:905:27)
    at Module.require (node:internal/modules/cjs/loader:1127:19)
    at require (node:internal/modules/helpers:112:18)
    at Object.<anonymous> (/home/at0x/hackzor/stools/packages/daback/src/controllers/lensControllers/index.js:17:1)
    at Module._compile (node:internal/modules/cjs/loader:1246:14)
    at Module.m._compile (/home/at0x/hackzor/stools/packages/daback/node_modules/ts-node/src/index.ts:1618:23)
    at Module._extensions..js (node:internal/modules/cjs/loader:1300:10)
2023-06-09 11:50:56 error: uncaughtException: Cannot find module '../ipfs.js/index.js'
Require stack:
- /home/at0x/hackzor/stools/packages/daback/src/controllers/lensControllers/index.js
- /home/at0x/hackzor/stools/packages/daback/src/app.ts
- /home/at0x/hackzor/stools/packages/daback/src/server.ts
Error: Cannot find module '../ipfs.js/index.js'
Require stack:
- /home/at0x/hackzor/stools/packages/daback/src/controllers/lensControllers/index.js
- /home/at0x/hackzor/stools/packages/daback/src/app.ts
- /home/at0x/hackzor/stools/packages/daback/src/server.ts
    at Function.Module._resolveFilename (node:internal/modules/cjs/loader:1060:15)
    at Function.Module._resolveFilename.sharedData.moduleResolveFilenameHook.installedValue (/home/at0x/hackzor/stools/packages/daback/node_modules/@cspotcode/source-map-support/source-map-support.js:811:30)
    at Function.Module._resolveFilename (/home/at0x/hackzor/stools/packages/daback/node_modules/tsconfig-paths/src/register.ts:115:36)
    at Function.Module._load (node:internal/modules/cjs/loader:905:27)
    at Module.require (node:internal/modules/cjs/loader:1127:19)
    at require (node:internal/modules/helpers:112:18)
    at Object.<anonymous> (/home/at0x/hackzor/stools/packages/daback/src/controllers/lensControllers/index.js:17:1)
    at Module._compile (node:internal/modules/cjs/loader:1246:14)
    at Module.m._compile (/home/at0x/hackzor/stools/packages/daback/node_modules/ts-node/src/index.ts:1618:23)
    at Module._extensions..js (node:internal/modules/cjs/loader:1300:10)
2023-06-09 11:51:04 error: uncaughtException: Cannot find module '../ipfs.js/index.js'
Require stack:
- /home/at0x/hackzor/stools/packages/daback/src/controllers/lensControllers/index.js
- /home/at0x/hackzor/stools/packages/daback/src/app.ts
- /home/at0x/hackzor/stools/packages/daback/src/server.ts
Error: Cannot find module '../ipfs.js/index.js'
Require stack:
- /home/at0x/hackzor/stools/packages/daback/src/controllers/lensControllers/index.js
- /home/at0x/hackzor/stools/packages/daback/src/app.ts
- /home/at0x/hackzor/stools/packages/daback/src/server.ts
    at Function.Module._resolveFilename (node:internal/modules/cjs/loader:1060:15)
    at Function.Module._resolveFilename.sharedData.moduleResolveFilenameHook.installedValue (/home/at0x/hackzor/stools/packages/daback/node_modules/@cspotcode/source-map-support/source-map-support.js:811:30)
    at Function.Module._resolveFilename (/home/at0x/hackzor/stools/packages/daback/node_modules/tsconfig-paths/src/register.ts:115:36)
    at Function.Module._load (node:internal/modules/cjs/loader:905:27)
    at Module.require (node:internal/modules/cjs/loader:1127:19)
    at require (node:internal/modules/helpers:112:18)
    at Object.<anonymous> (/home/at0x/hackzor/stools/packages/daback/src/controllers/lensControllers/index.js:17:1)
    at Module._compile (node:internal/modules/cjs/loader:1246:14)
    at Module.m._compile (/home/at0x/hackzor/stools/packages/daback/node_modules/ts-node/src/index.ts:1618:23)
    at Module._extensions..js (node:internal/modules/cjs/loader:1300:10)
2023-06-09 11:51:44 error: uncaughtException: Cannot find module '../ipfs.js/index.js'
Require stack:
- /home/at0x/hackzor/stools/packages/daback/src/controllers/lensControllers/index.js
- /home/at0x/hackzor/stools/packages/daback/src/app.ts
- /home/at0x/hackzor/stools/packages/daback/src/server.ts
Error: Cannot find module '../ipfs.js/index.js'
Require stack:
- /home/at0x/hackzor/stools/packages/daback/src/controllers/lensControllers/index.js
- /home/at0x/hackzor/stools/packages/daback/src/app.ts
- /home/at0x/hackzor/stools/packages/daback/src/server.ts
    at Function.Module._resolveFilename (node:internal/modules/cjs/loader:1060:15)
    at Function.Module._resolveFilename.sharedData.moduleResolveFilenameHook.installedValue (/home/at0x/hackzor/stools/packages/daback/node_modules/@cspotcode/source-map-support/source-map-support.js:811:30)
    at Function.Module._resolveFilename (/home/at0x/hackzor/stools/packages/daback/node_modules/tsconfig-paths/src/register.ts:115:36)
    at Function.Module._load (node:internal/modules/cjs/loader:905:27)
    at Module.require (node:internal/modules/cjs/loader:1127:19)
    at require (node:internal/modules/helpers:112:18)
    at Object.<anonymous> (/home/at0x/hackzor/stools/packages/daback/src/controllers/lensControllers/index.js:17:1)
    at Module._compile (node:internal/modules/cjs/loader:1246:14)
    at Module.m._compile (/home/at0x/hackzor/stools/packages/daback/node_modules/ts-node/src/index.ts:1618:23)
    at Module._extensions..js (node:internal/modules/cjs/loader:1300:10)
2023-06-09 11:51:52 error: uncaughtException: Cannot find module '../ipfs.js/index.js'
Require stack:
- /home/at0x/hackzor/stools/packages/daback/src/controllers/lensControllers/index.js
- /home/at0x/hackzor/stools/packages/daback/src/app.ts
- /home/at0x/hackzor/stools/packages/daback/src/server.ts
Error: Cannot find module '../ipfs.js/index.js'
Require stack:
- /home/at0x/hackzor/stools/packages/daback/src/controllers/lensControllers/index.js
- /home/at0x/hackzor/stools/packages/daback/src/app.ts
- /home/at0x/hackzor/stools/packages/daback/src/server.ts
    at Function.Module._resolveFilename (node:internal/modules/cjs/loader:1060:15)
    at Function.Module._resolveFilename.sharedData.moduleResolveFilenameHook.installedValue (/home/at0x/hackzor/stools/packages/daback/node_modules/@cspotcode/source-map-support/source-map-support.js:811:30)
    at Function.Module._resolveFilename (/home/at0x/hackzor/stools/packages/daback/node_modules/tsconfig-paths/src/register.ts:115:36)
    at Function.Module._load (node:internal/modules/cjs/loader:905:27)
    at Module.require (node:internal/modules/cjs/loader:1127:19)
    at require (node:internal/modules/helpers:112:18)
    at Object.<anonymous> (/home/at0x/hackzor/stools/packages/daback/src/controllers/lensControllers/index.js:17:1)
    at Module._compile (node:internal/modules/cjs/loader:1246:14)
    at Module.m._compile (/home/at0x/hackzor/stools/packages/daback/node_modules/ts-node/src/index.ts:1618:23)
    at Module._extensions..js (node:internal/modules/cjs/loader:1300:10)
2023-06-09 11:52:27 error: uncaughtException: Cannot find module '../ipfs.js/index.js'
Require stack:
- /home/at0x/hackzor/stools/packages/daback/src/controllers/lensControllers/index.js
- /home/at0x/hackzor/stools/packages/daback/src/app.ts
Error: Cannot find module '../ipfs.js/index.js'
Require stack:
- /home/at0x/hackzor/stools/packages/daback/src/controllers/lensControllers/index.js
- /home/at0x/hackzor/stools/packages/daback/src/app.ts
    at Function.Module._resolveFilename (node:internal/modules/cjs/loader:1060:15)
    at Function.Module._resolveFilename.sharedData.moduleResolveFilenameHook.installedValue (/home/at0x/hackzor/stools/packages/daback/node_modules/@cspotcode/source-map-support/source-map-support.js:811:30)
    at Function.Module._resolveFilename (/home/at0x/hackzor/stools/packages/daback/node_modules/tsconfig-paths/src/register.ts:115:36)
    at Function.Module._load (node:internal/modules/cjs/loader:905:27)
    at Module.require (node:internal/modules/cjs/loader:1127:19)
    at require (node:internal/modules/helpers:112:18)
    at Object.<anonymous> (/home/at0x/hackzor/stools/packages/daback/src/controllers/lensControllers/index.js:17:1)
    at Module._compile (node:internal/modules/cjs/loader:1246:14)
    at Module.m._compile (/home/at0x/hackzor/stools/packages/daback/node_modules/ts-node/src/index.ts:1618:23)
    at Module._extensions..js (node:internal/modules/cjs/loader:1300:10)
2023-06-09 11:52:40 error: uncaughtException: Cannot find module '../ipfs.js/index.js'
Require stack:
- /home/at0x/hackzor/stools/packages/daback/src/controllers/lensControllers/index.js
- /home/at0x/hackzor/stools/packages/daback/src/app.ts
Error: Cannot find module '../ipfs.js/index.js'
Require stack:
- /home/at0x/hackzor/stools/packages/daback/src/controllers/lensControllers/index.js
- /home/at0x/hackzor/stools/packages/daback/src/app.ts
    at Function.Module._resolveFilename (node:internal/modules/cjs/loader:1060:15)
    at Function.Module._resolveFilename.sharedData.moduleResolveFilenameHook.installedValue (/home/at0x/hackzor/stools/packages/daback/node_modules/@cspotcode/source-map-support/source-map-support.js:811:30)
    at Function.Module._resolveFilename (/home/at0x/hackzor/stools/packages/daback/node_modules/tsconfig-paths/src/register.ts:115:36)
    at Function.Module._load (node:internal/modules/cjs/loader:905:27)
    at Module.require (node:internal/modules/cjs/loader:1127:19)
    at require (node:internal/modules/helpers:112:18)
    at Object.<anonymous> (/home/at0x/hackzor/stools/packages/daback/src/controllers/lensControllers/index.js:17:1)
    at Module._compile (node:internal/modules/cjs/loader:1246:14)
    at Module.m._compile (/home/at0x/hackzor/stools/packages/daback/node_modules/ts-node/src/index.ts:1618:23)
    at Module._extensions..js (node:internal/modules/cjs/loader:1300:10)
2023-06-09 11:54:45 error: uncaughtException: Cannot find module '../ipfs.js/index.js'
Require stack:
- /home/at0x/hackzor/stools/packages/daback/src/controllers/lensControllers/index.js
- /home/at0x/hackzor/stools/packages/daback/src/app.ts
- /home/at0x/hackzor/stools/packages/daback/src/server.ts
Error: Cannot find module '../ipfs.js/index.js'
Require stack:
- /home/at0x/hackzor/stools/packages/daback/src/controllers/lensControllers/index.js
- /home/at0x/hackzor/stools/packages/daback/src/app.ts
- /home/at0x/hackzor/stools/packages/daback/src/server.ts
    at Function.Module._resolveFilename (node:internal/modules/cjs/loader:1060:15)
    at Function.Module._resolveFilename.sharedData.moduleResolveFilenameHook.installedValue (/home/at0x/hackzor/stools/packages/daback/node_modules/@cspotcode/source-map-support/source-map-support.js:811:30)
    at Function.Module._resolveFilename (/home/at0x/hackzor/stools/packages/daback/node_modules/tsconfig-paths/src/register.ts:115:36)
    at Function.Module._load (node:internal/modules/cjs/loader:905:27)
    at Module.require (node:internal/modules/cjs/loader:1127:19)
    at require (node:internal/modules/helpers:112:18)
    at Object.<anonymous> (/home/at0x/hackzor/stools/packages/daback/src/controllers/lensControllers/index.js:17:1)
    at Module._compile (node:internal/modules/cjs/loader:1246:14)
    at Module.m._compile (/home/at0x/hackzor/stools/packages/daback/node_modules/ts-node/src/index.ts:1618:23)
    at Module._extensions..js (node:internal/modules/cjs/loader:1300:10)
2023-06-09 11:55:00 error: uncaughtException: Cannot find module '../ipfs.js/index.js'
Require stack:
- /home/at0x/hackzor/stools/packages/daback/src/controllers/lensControllers/index.js
- /home/at0x/hackzor/stools/packages/daback/src/app.ts
- /home/at0x/hackzor/stools/packages/daback/src/server.ts
Error: Cannot find module '../ipfs.js/index.js'
Require stack:
- /home/at0x/hackzor/stools/packages/daback/src/controllers/lensControllers/index.js
- /home/at0x/hackzor/stools/packages/daback/src/app.ts
- /home/at0x/hackzor/stools/packages/daback/src/server.ts
    at Function.Module._resolveFilename (node:internal/modules/cjs/loader:1060:15)
    at Function.Module._resolveFilename.sharedData.moduleResolveFilenameHook.installedValue (/home/at0x/hackzor/stools/packages/daback/node_modules/@cspotcode/source-map-support/source-map-support.js:811:30)
    at Function.Module._resolveFilename (/home/at0x/hackzor/stools/packages/daback/node_modules/tsconfig-paths/src/register.ts:115:36)
    at Function.Module._load (node:internal/modules/cjs/loader:905:27)
    at Module.require (node:internal/modules/cjs/loader:1127:19)
    at require (node:internal/modules/helpers:112:18)
    at Object.<anonymous> (/home/at0x/hackzor/stools/packages/daback/src/controllers/lensControllers/index.js:17:1)
    at Module._compile (node:internal/modules/cjs/loader:1246:14)
    at Module.m._compile (/home/at0x/hackzor/stools/packages/daback/node_modules/ts-node/src/index.ts:1618:23)
    at Module._extensions..js (node:internal/modules/cjs/loader:1300:10)
2023-06-09 11:55:38 error: uncaughtException: Cannot find module '../ipfs.js/index.js'
Require stack:
- /home/at0x/hackzor/stools/packages/daback/src/controllers/lensControllers/index.js
- /home/at0x/hackzor/stools/packages/daback/src/app.ts
- /home/at0x/hackzor/stools/packages/daback/src/server.ts
Error: Cannot find module '../ipfs.js/index.js'
Require stack:
- /home/at0x/hackzor/stools/packages/daback/src/controllers/lensControllers/index.js
- /home/at0x/hackzor/stools/packages/daback/src/app.ts
- /home/at0x/hackzor/stools/packages/daback/src/server.ts
    at Function.Module._resolveFilename (node:internal/modules/cjs/loader:1060:15)
    at Function.Module._resolveFilename.sharedData.moduleResolveFilenameHook.installedValue (/home/at0x/hackzor/stools/packages/daback/node_modules/@cspotcode/source-map-support/source-map-support.js:811:30)
    at Function.Module._resolveFilename (/home/at0x/hackzor/stools/packages/daback/node_modules/tsconfig-paths/src/register.ts:115:36)
    at Function.Module._load (node:internal/modules/cjs/loader:905:27)
    at Module.require (node:internal/modules/cjs/loader:1127:19)
    at require (node:internal/modules/helpers:112:18)
    at Object.<anonymous> (/home/at0x/hackzor/stools/packages/daback/src/controllers/lensControllers/index.js:17:1)
    at Module._compile (node:internal/modules/cjs/loader:1246:14)
    at Module.m._compile (/home/at0x/hackzor/stools/packages/daback/node_modules/ts-node/src/index.ts:1618:23)
    at Module._extensions..js (node:internal/modules/cjs/loader:1300:10)
2023-06-09 11:56:28 error: uncaughtException: Cannot find module '../ipfs.js/index.js'
Require stack:
- /home/at0x/hackzor/stools/packages/daback/src/controllers/lensControllers/index.js
- /home/at0x/hackzor/stools/packages/daback/src/app.ts
- /home/at0x/hackzor/stools/packages/daback/src/server.ts
Error: Cannot find module '../ipfs.js/index.js'
Require stack:
- /home/at0x/hackzor/stools/packages/daback/src/controllers/lensControllers/index.js
- /home/at0x/hackzor/stools/packages/daback/src/app.ts
- /home/at0x/hackzor/stools/packages/daback/src/server.ts
    at Function.Module._resolveFilename (node:internal/modules/cjs/loader:1060:15)
    at Function.Module._resolveFilename.sharedData.moduleResolveFilenameHook.installedValue (/home/at0x/hackzor/stools/packages/daback/node_modules/@cspotcode/source-map-support/source-map-support.js:811:30)
    at Function.Module._resolveFilename (/home/at0x/hackzor/stools/packages/daback/node_modules/tsconfig-paths/src/register.ts:115:36)
    at Function.Module._load (node:internal/modules/cjs/loader:905:27)
    at Module.require (node:internal/modules/cjs/loader:1127:19)
    at require (node:internal/modules/helpers:112:18)
    at Object.<anonymous> (/home/at0x/hackzor/stools/packages/daback/src/controllers/lensControllers/index.js:17:1)
    at Module._compile (node:internal/modules/cjs/loader:1246:14)
    at Module.m._compile (/home/at0x/hackzor/stools/packages/daback/node_modules/ts-node/src/index.ts:1618:23)
    at Module._extensions..js (node:internal/modules/cjs/loader:1300:10)
2023-06-09 11:59:55 error: uncaughtException: Cannot find module '../ipfs.js/index.js'
Require stack:
- /home/at0x/hackzor/stools/packages/daback/src/controllers/lensControllers/index.js
- /home/at0x/hackzor/stools/packages/daback/src/app.ts
- /home/at0x/hackzor/stools/packages/daback/src/server.ts
Error: Cannot find module '../ipfs.js/index.js'
Require stack:
- /home/at0x/hackzor/stools/packages/daback/src/controllers/lensControllers/index.js
- /home/at0x/hackzor/stools/packages/daback/src/app.ts
- /home/at0x/hackzor/stools/packages/daback/src/server.ts
    at Function.Module._resolveFilename (node:internal/modules/cjs/loader:1060:15)
    at Function.Module._resolveFilename.sharedData.moduleResolveFilenameHook.installedValue (/home/at0x/hackzor/stools/packages/daback/node_modules/@cspotcode/source-map-support/source-map-support.js:811:30)
    at Function.Module._resolveFilename (/home/at0x/hackzor/stools/packages/daback/node_modules/tsconfig-paths/src/register.ts:115:36)
    at Function.Module._load (node:internal/modules/cjs/loader:905:27)
    at Module.require (node:internal/modules/cjs/loader:1127:19)
    at require (node:internal/modules/helpers:112:18)
    at Object.<anonymous> (/home/at0x/hackzor/stools/packages/daback/src/controllers/lensControllers/index.js:17:1)
    at Module._compile (node:internal/modules/cjs/loader:1246:14)
    at Module.m._compile (/home/at0x/hackzor/stools/packages/daback/node_modules/ts-node/src/index.ts:1618:23)
    at Module._extensions..js (node:internal/modules/cjs/loader:1300:10)
2023-06-09 12:01:01 error: uncaughtException: Cannot find module '../ipfs.js/index.js'
Require stack:
- /home/at0x/hackzor/stools/packages/daback/src/controllers/lensControllers/index.js
- /home/at0x/hackzor/stools/packages/daback/src/app.ts
- /home/at0x/hackzor/stools/packages/daback/src/server.ts
Error: Cannot find module '../ipfs.js/index.js'
Require stack:
- /home/at0x/hackzor/stools/packages/daback/src/controllers/lensControllers/index.js
- /home/at0x/hackzor/stools/packages/daback/src/app.ts
- /home/at0x/hackzor/stools/packages/daback/src/server.ts
    at Function.Module._resolveFilename (node:internal/modules/cjs/loader:1060:15)
    at Function.Module._resolveFilename.sharedData.moduleResolveFilenameHook.installedValue (/home/at0x/hackzor/stools/packages/daback/node_modules/@cspotcode/source-map-support/source-map-support.js:811:30)
    at Function.Module._resolveFilename (/home/at0x/hackzor/stools/packages/daback/node_modules/tsconfig-paths/src/register.ts:115:36)
    at Function.Module._load (node:internal/modules/cjs/loader:905:27)
    at Module.require (node:internal/modules/cjs/loader:1127:19)
    at require (node:internal/modules/helpers:112:18)
    at Object.<anonymous> (/home/at0x/hackzor/stools/packages/daback/src/controllers/lensControllers/index.js:17:1)
    at Module._compile (node:internal/modules/cjs/loader:1246:14)
    at Module.m._compile (/home/at0x/hackzor/stools/packages/daback/node_modules/ts-node/src/index.ts:1618:23)
    at Module._extensions..js (node:internal/modules/cjs/loader:1300:10)
2023-06-09 12:01:37 error: uncaughtException: Cannot find module '../ipfs.js/index.js'
Require stack:
- /home/at0x/hackzor/stools/packages/daback/src/controllers/lensControllers/index.js
- /home/at0x/hackzor/stools/packages/daback/src/app.ts
- /home/at0x/hackzor/stools/packages/daback/src/server.ts
Error: Cannot find module '../ipfs.js/index.js'
Require stack:
- /home/at0x/hackzor/stools/packages/daback/src/controllers/lensControllers/index.js
- /home/at0x/hackzor/stools/packages/daback/src/app.ts
- /home/at0x/hackzor/stools/packages/daback/src/server.ts
    at Function.Module._resolveFilename (node:internal/modules/cjs/loader:1060:15)
    at Function.Module._resolveFilename.sharedData.moduleResolveFilenameHook.installedValue (/home/at0x/hackzor/stools/packages/daback/node_modules/@cspotcode/source-map-support/source-map-support.js:811:30)
    at Function.Module._resolveFilename (/home/at0x/hackzor/stools/packages/daback/node_modules/tsconfig-paths/src/register.ts:115:36)
    at Function.Module._load (node:internal/modules/cjs/loader:905:27)
    at Module.require (node:internal/modules/cjs/loader:1127:19)
    at require (node:internal/modules/helpers:112:18)
    at Object.<anonymous> (/home/at0x/hackzor/stools/packages/daback/src/controllers/lensControllers/index.js:17:1)
    at Module._compile (node:internal/modules/cjs/loader:1246:14)
    at Module.m._compile (/home/at0x/hackzor/stools/packages/daback/node_modules/ts-node/src/index.ts:1618:23)
    at Module._extensions..js (node:internal/modules/cjs/loader:1300:10)
2023-06-09 12:01:44 error: uncaughtException: Cannot find module '../ipfs.js/index.js'
Require stack:
- /home/at0x/hackzor/stools/packages/daback/src/controllers/lensControllers/index.js
- /home/at0x/hackzor/stools/packages/daback/src/app.ts
- /home/at0x/hackzor/stools/packages/daback/src/server.ts
Error: Cannot find module '../ipfs.js/index.js'
Require stack:
- /home/at0x/hackzor/stools/packages/daback/src/controllers/lensControllers/index.js
- /home/at0x/hackzor/stools/packages/daback/src/app.ts
- /home/at0x/hackzor/stools/packages/daback/src/server.ts
    at Function.Module._resolveFilename (node:internal/modules/cjs/loader:1060:15)
    at Function.Module._resolveFilename.sharedData.moduleResolveFilenameHook.installedValue (/home/at0x/hackzor/stools/packages/daback/node_modules/@cspotcode/source-map-support/source-map-support.js:811:30)
    at Function.Module._resolveFilename (/home/at0x/hackzor/stools/packages/daback/node_modules/tsconfig-paths/src/register.ts:115:36)
    at Function.Module._load (node:internal/modules/cjs/loader:905:27)
    at Module.require (node:internal/modules/cjs/loader:1127:19)
    at require (node:internal/modules/helpers:112:18)
    at Object.<anonymous> (/home/at0x/hackzor/stools/packages/daback/src/controllers/lensControllers/index.js:17:1)
    at Module._compile (node:internal/modules/cjs/loader:1246:14)
    at Module.m._compile (/home/at0x/hackzor/stools/packages/daback/node_modules/ts-node/src/index.ts:1618:23)
    at Module._extensions..js (node:internal/modules/cjs/loader:1300:10)
2023-06-09 12:04:41 error: uncaughtException: Cannot find module '../ipfs.js/index.js'
Require stack:
- /home/at0x/hackzor/stools/packages/daback/src/controllers/lensControllers/index.js
- /home/at0x/hackzor/stools/packages/daback/src/app.ts
- /home/at0x/hackzor/stools/packages/daback/src/server.ts
Error: Cannot find module '../ipfs.js/index.js'
Require stack:
- /home/at0x/hackzor/stools/packages/daback/src/controllers/lensControllers/index.js
- /home/at0x/hackzor/stools/packages/daback/src/app.ts
- /home/at0x/hackzor/stools/packages/daback/src/server.ts
    at Function.Module._resolveFilename (node:internal/modules/cjs/loader:1060:15)
    at Function.Module._resolveFilename.sharedData.moduleResolveFilenameHook.installedValue (/home/at0x/hackzor/stools/packages/daback/node_modules/@cspotcode/source-map-support/source-map-support.js:811:30)
    at Function.Module._resolveFilename (/home/at0x/hackzor/stools/packages/daback/node_modules/tsconfig-paths/src/register.ts:115:36)
    at Function.Module._load (node:internal/modules/cjs/loader:905:27)
    at Module.require (node:internal/modules/cjs/loader:1127:19)
    at require (node:internal/modules/helpers:112:18)
    at Object.<anonymous> (/home/at0x/hackzor/stools/packages/daback/src/controllers/lensControllers/index.js:17:1)
    at Module._compile (node:internal/modules/cjs/loader:1246:14)
    at Module.m._compile (/home/at0x/hackzor/stools/packages/daback/node_modules/ts-node/src/index.ts:1618:23)
    at Module._extensions..js (node:internal/modules/cjs/loader:1300:10)
2023-06-09 12:05:24 error: uncaughtException: Cannot find module '../ipfs.js/index.js'
Require stack:
- /home/at0x/hackzor/stools/packages/daback/src/controllers/lensControllers/index.js
- /home/at0x/hackzor/stools/packages/daback/src/app.ts
- /home/at0x/hackzor/stools/packages/daback/src/server.ts
Error: Cannot find module '../ipfs.js/index.js'
Require stack:
- /home/at0x/hackzor/stools/packages/daback/src/controllers/lensControllers/index.js
- /home/at0x/hackzor/stools/packages/daback/src/app.ts
- /home/at0x/hackzor/stools/packages/daback/src/server.ts
    at Function.Module._resolveFilename (node:internal/modules/cjs/loader:1060:15)
    at Function.Module._resolveFilename.sharedData.moduleResolveFilenameHook.installedValue (/home/at0x/hackzor/stools/packages/daback/node_modules/@cspotcode/source-map-support/source-map-support.js:811:30)
    at Function.Module._resolveFilename (/home/at0x/hackzor/stools/packages/daback/node_modules/tsconfig-paths/src/register.ts:115:36)
    at Function.Module._load (node:internal/modules/cjs/loader:905:27)
    at Module.require (node:internal/modules/cjs/loader:1127:19)
    at require (node:internal/modules/helpers:112:18)
    at Object.<anonymous> (/home/at0x/hackzor/stools/packages/daback/src/controllers/lensControllers/index.js:17:1)
    at Module._compile (node:internal/modules/cjs/loader:1246:14)
    at Module.m._compile (/home/at0x/hackzor/stools/packages/daback/node_modules/ts-node/src/index.ts:1618:23)
    at Module._extensions..js (node:internal/modules/cjs/loader:1300:10)
2023-06-09 12:06:13 error: uncaughtException: Cannot find module '../ipfs.js/index.js'
Require stack:
- /home/at0x/hackzor/stools/packages/daback/src/controllers/lensControllers/index.js
- /home/at0x/hackzor/stools/packages/daback/src/app.ts
- /home/at0x/hackzor/stools/packages/daback/src/server.ts
Error: Cannot find module '../ipfs.js/index.js'
Require stack:
- /home/at0x/hackzor/stools/packages/daback/src/controllers/lensControllers/index.js
- /home/at0x/hackzor/stools/packages/daback/src/app.ts
- /home/at0x/hackzor/stools/packages/daback/src/server.ts
    at Function.Module._resolveFilename (node:internal/modules/cjs/loader:1060:15)
    at Function.Module._resolveFilename.sharedData.moduleResolveFilenameHook.installedValue (/home/at0x/hackzor/stools/packages/daback/node_modules/@cspotcode/source-map-support/source-map-support.js:811:30)
    at Function.Module._resolveFilename (/home/at0x/hackzor/stools/packages/daback/node_modules/tsconfig-paths/src/register.ts:115:36)
    at Function.Module._load (node:internal/modules/cjs/loader:905:27)
    at Module.require (node:internal/modules/cjs/loader:1127:19)
    at require (node:internal/modules/helpers:112:18)
    at Object.<anonymous> (/home/at0x/hackzor/stools/packages/daback/src/controllers/lensControllers/index.js:17:1)
    at Module._compile (node:internal/modules/cjs/loader:1246:14)
    at Module.m._compile (/home/at0x/hackzor/stools/packages/daback/node_modules/ts-node/src/index.ts:1618:23)
    at Module._extensions..js (node:internal/modules/cjs/loader:1300:10)
2023-06-09 12:11:16 error: uncaughtException: Cannot find module '../ipfs.js/index.js'
Require stack:
- /home/at0x/hackzor/stools/packages/daback/src/controllers/lensControllers/index.js
- /home/at0x/hackzor/stools/packages/daback/src/middlewares/auth.middleware.ts
- /home/at0x/hackzor/stools/packages/daback/src/routes/auth.route.ts
- /home/at0x/hackzor/stools/packages/daback/src/server.ts
Error: Cannot find module '../ipfs.js/index.js'
Require stack:
- /home/at0x/hackzor/stools/packages/daback/src/controllers/lensControllers/index.js
- /home/at0x/hackzor/stools/packages/daback/src/middlewares/auth.middleware.ts
- /home/at0x/hackzor/stools/packages/daback/src/routes/auth.route.ts
- /home/at0x/hackzor/stools/packages/daback/src/server.ts
    at Function.Module._resolveFilename (node:internal/modules/cjs/loader:1060:15)
    at Function.Module._resolveFilename.sharedData.moduleResolveFilenameHook.installedValue (/home/at0x/hackzor/stools/packages/daback/node_modules/@cspotcode/source-map-support/source-map-support.js:811:30)
    at Function.Module._resolveFilename (/home/at0x/hackzor/stools/packages/daback/node_modules/tsconfig-paths/src/register.ts:115:36)
    at Function.Module._load (node:internal/modules/cjs/loader:905:27)
    at Module.require (node:internal/modules/cjs/loader:1127:19)
    at require (node:internal/modules/helpers:112:18)
    at Object.<anonymous> (/home/at0x/hackzor/stools/packages/daback/src/controllers/lensControllers/index.js:17:1)
    at Module._compile (node:internal/modules/cjs/loader:1246:14)
    at Module.m._compile (/home/at0x/hackzor/stools/packages/daback/node_modules/ts-node/src/index.ts:1618:23)
    at Module._extensions..js (node:internal/modules/cjs/loader:1300:10)
2023-06-09 12:12:03 error: uncaughtException: Cannot find module '../ipfs.js/index.js'
Require stack:
- /home/at0x/hackzor/stools/packages/daback/src/controllers/lensControllers/index.js
- /home/at0x/hackzor/stools/packages/daback/src/middlewares/auth.middleware.ts
- /home/at0x/hackzor/stools/packages/daback/src/routes/auth.route.ts
- /home/at0x/hackzor/stools/packages/daback/src/server.ts
Error: Cannot find module '../ipfs.js/index.js'
Require stack:
- /home/at0x/hackzor/stools/packages/daback/src/controllers/lensControllers/index.js
- /home/at0x/hackzor/stools/packages/daback/src/middlewares/auth.middleware.ts
- /home/at0x/hackzor/stools/packages/daback/src/routes/auth.route.ts
- /home/at0x/hackzor/stools/packages/daback/src/server.ts
    at Function.Module._resolveFilename (node:internal/modules/cjs/loader:1060:15)
    at Function.Module._resolveFilename.sharedData.moduleResolveFilenameHook.installedValue (/home/at0x/hackzor/stools/packages/daback/node_modules/@cspotcode/source-map-support/source-map-support.js:811:30)
    at Function.Module._resolveFilename (/home/at0x/hackzor/stools/packages/daback/node_modules/tsconfig-paths/src/register.ts:115:36)
    at Function.Module._load (node:internal/modules/cjs/loader:905:27)
    at Module.require (node:internal/modules/cjs/loader:1127:19)
    at require (node:internal/modules/helpers:112:18)
    at Object.<anonymous> (/home/at0x/hackzor/stools/packages/daback/src/controllers/lensControllers/index.js:17:1)
    at Module._compile (node:internal/modules/cjs/loader:1246:14)
    at Module.m._compile (/home/at0x/hackzor/stools/packages/daback/node_modules/ts-node/src/index.ts:1618:23)
    at Module._extensions..js (node:internal/modules/cjs/loader:1300:10)
2023-06-09 12:14:56 error: uncaughtException: APIURL is not defined
ReferenceError: APIURL is not defined
    at Object.<anonymous> (/home/at0x/hackzor/stools/packages/daback/src/controllers/lensControllers/index.js:4:8)
    at Module._compile (node:internal/modules/cjs/loader:1246:14)
    at Module.m._compile (/home/at0x/hackzor/stools/packages/daback/node_modules/ts-node/src/index.ts:1618:23)
    at Module._extensions..js (node:internal/modules/cjs/loader:1300:10)
    at Object.require.extensions.<computed> [as .js] (/home/at0x/hackzor/stools/packages/daback/node_modules/ts-node/src/index.ts:1621:12)
    at Module.load (node:internal/modules/cjs/loader:1103:32)
    at Function.Module._load (node:internal/modules/cjs/loader:942:12)
    at Module.require (node:internal/modules/cjs/loader:1127:19)
    at require (node:internal/modules/helpers:112:18)
    at Object.<anonymous> (/home/at0x/hackzor/stools/packages/daback/src/middlewares/auth.middleware.ts:7:1)
2023-06-09 12:17:20 error: uncaughtException: dotenv is not defined
ReferenceError: dotenv is not defined
    at Object.<anonymous> (/home/at0x/hackzor/stools/packages/daback/src/controllers/lensControllers/index.js:2:20)
    at Module._compile (node:internal/modules/cjs/loader:1246:14)
    at Module.m._compile (/home/at0x/hackzor/stools/packages/daback/node_modules/ts-node/src/index.ts:1618:23)
    at Module._extensions..js (node:internal/modules/cjs/loader:1300:10)
    at Object.require.extensions.<computed> [as .js] (/home/at0x/hackzor/stools/packages/daback/node_modules/ts-node/src/index.ts:1621:12)
    at Module.load (node:internal/modules/cjs/loader:1103:32)
    at Function.Module._load (node:internal/modules/cjs/loader:942:12)
    at Module.require (node:internal/modules/cjs/loader:1127:19)
    at require (node:internal/modules/helpers:112:18)
    at Object.<anonymous> (/home/at0x/hackzor/stools/packages/daback/src/middlewares/auth.middleware.ts:7:1)
2023-06-09 12:18:08 error: uncaughtException: dotenv is not defined
ReferenceError: dotenv is not defined
    at Object.<anonymous> (/home/at0x/hackzor/stools/packages/daback/src/controllers/lensControllers/index.js:2:20)
    at Module._compile (node:internal/modules/cjs/loader:1246:14)
    at Module.m._compile (/home/at0x/hackzor/stools/packages/daback/node_modules/ts-node/src/index.ts:1618:23)
    at Module._extensions..js (node:internal/modules/cjs/loader:1300:10)
    at Object.require.extensions.<computed> [as .js] (/home/at0x/hackzor/stools/packages/daback/node_modules/ts-node/src/index.ts:1621:12)
    at Module.load (node:internal/modules/cjs/loader:1103:32)
    at Function.Module._load (node:internal/modules/cjs/loader:942:12)
    at Module.require (node:internal/modules/cjs/loader:1127:19)
    at require (node:internal/modules/helpers:112:18)
    at Object.<anonymous> (/home/at0x/hackzor/stools/packages/daback/src/middlewares/auth.middleware.ts:7:1)
2023-06-09 12:19:41 error: uncaughtException: dotenv is not defined
ReferenceError: dotenv is not defined
    at Object.<anonymous> (/home/at0x/hackzor/stools/packages/daback/src/controllers/lensControllers/index.js:2:20)
    at Module._compile (node:internal/modules/cjs/loader:1246:14)
    at Module.m._compile (/home/at0x/hackzor/stools/packages/daback/node_modules/ts-node/src/index.ts:1618:23)
    at Module._extensions..js (node:internal/modules/cjs/loader:1300:10)
    at Object.require.extensions.<computed> [as .js] (/home/at0x/hackzor/stools/packages/daback/node_modules/ts-node/src/index.ts:1621:12)
    at Module.load (node:internal/modules/cjs/loader:1103:32)
    at Function.Module._load (node:internal/modules/cjs/loader:942:12)
    at Module.require (node:internal/modules/cjs/loader:1127:19)
    at require (node:internal/modules/helpers:112:18)
    at Object.<anonymous> (/home/at0x/hackzor/stools/packages/daback/src/middlewares/auth.middleware.ts:7:1)
2023-06-09 12:21:19 error: uncaughtException: dotenv is not defined
ReferenceError: dotenv is not defined
    at Object.<anonymous> (/home/at0x/hackzor/stools/packages/daback/src/controllers/lensControllers/index.js:2:20)
    at Module._compile (node:internal/modules/cjs/loader:1246:14)
    at Module.m._compile (/home/at0x/hackzor/stools/packages/daback/node_modules/ts-node/src/index.ts:1618:23)
    at Module._extensions..js (node:internal/modules/cjs/loader:1300:10)
    at Object.require.extensions.<computed> [as .js] (/home/at0x/hackzor/stools/packages/daback/node_modules/ts-node/src/index.ts:1621:12)
    at Module.load (node:internal/modules/cjs/loader:1103:32)
    at Function.Module._load (node:internal/modules/cjs/loader:942:12)
    at Module.require (node:internal/modules/cjs/loader:1127:19)
    at require (node:internal/modules/helpers:112:18)
    at Object.<anonymous> (/home/at0x/hackzor/stools/packages/daback/src/middlewares/auth.middleware.ts:7:1)
2023-06-09 12:21:40 error: uncaughtException: dotenv is not defined
ReferenceError: dotenv is not defined
    at Object.<anonymous> (/home/at0x/hackzor/stools/packages/daback/src/controllers/lensControllers/index.js:2:20)
    at Module._compile (node:internal/modules/cjs/loader:1246:14)
    at Module.m._compile (/home/at0x/hackzor/stools/packages/daback/node_modules/ts-node/src/index.ts:1618:23)
    at Module._extensions..js (node:internal/modules/cjs/loader:1300:10)
    at Object.require.extensions.<computed> [as .js] (/home/at0x/hackzor/stools/packages/daback/node_modules/ts-node/src/index.ts:1621:12)
    at Module.load (node:internal/modules/cjs/loader:1103:32)
    at Function.Module._load (node:internal/modules/cjs/loader:942:12)
    at Module.require (node:internal/modules/cjs/loader:1127:19)
    at require (node:internal/modules/helpers:112:18)
    at Object.<anonymous> (/home/at0x/hackzor/stools/packages/daback/src/middlewares/auth.middleware.ts:7:1)
2023-06-09 12:22:05 error: uncaughtException: dotenv is not defined
ReferenceError: dotenv is not defined
    at Object.<anonymous> (/home/at0x/hackzor/stools/packages/daback/src/controllers/lensControllers/index.js:3:20)
    at Module._compile (node:internal/modules/cjs/loader:1246:14)
    at Module.m._compile (/home/at0x/hackzor/stools/packages/daback/node_modules/ts-node/src/index.ts:1618:23)
    at Module._extensions..js (node:internal/modules/cjs/loader:1300:10)
    at Object.require.extensions.<computed> [as .js] (/home/at0x/hackzor/stools/packages/daback/node_modules/ts-node/src/index.ts:1621:12)
    at Module.load (node:internal/modules/cjs/loader:1103:32)
    at Function.Module._load (node:internal/modules/cjs/loader:942:12)
    at Module.require (node:internal/modules/cjs/loader:1127:19)
    at require (node:internal/modules/helpers:112:18)
    at Object.<anonymous> (/home/at0x/hackzor/stools/packages/daback/src/middlewares/auth.middleware.ts:7:1)
2023-06-09 12:22:30 error: uncaughtException: dotenv is not defined
ReferenceError: dotenv is not defined
    at Object.<anonymous> (/home/at0x/hackzor/stools/packages/daback/src/controllers/lensControllers/index.js:3:20)
    at Module._compile (node:internal/modules/cjs/loader:1246:14)
    at Module.m._compile (/home/at0x/hackzor/stools/packages/daback/node_modules/ts-node/src/index.ts:1618:23)
    at Module._extensions..js (node:internal/modules/cjs/loader:1300:10)
    at Object.require.extensions.<computed> [as .js] (/home/at0x/hackzor/stools/packages/daback/node_modules/ts-node/src/index.ts:1621:12)
    at Module.load (node:internal/modules/cjs/loader:1103:32)
    at Function.Module._load (node:internal/modules/cjs/loader:942:12)
    at Module.require (node:internal/modules/cjs/loader:1127:19)
    at require (node:internal/modules/helpers:112:18)
    at Object.<anonymous> (/home/at0x/hackzor/stools/packages/daback/src/middlewares/auth.middleware.ts:7:1)
2023-06-09 12:22:41 error: uncaughtException: dotenv is not defined
ReferenceError: dotenv is not defined
    at Object.<anonymous> (/home/at0x/hackzor/stools/packages/daback/src/controllers/lensControllers/index.js:3:20)
    at Module._compile (node:internal/modules/cjs/loader:1246:14)
    at Module.m._compile (/home/at0x/hackzor/stools/packages/daback/node_modules/ts-node/src/index.ts:1618:23)
    at Module._extensions..js (node:internal/modules/cjs/loader:1300:10)
    at Object.require.extensions.<computed> [as .js] (/home/at0x/hackzor/stools/packages/daback/node_modules/ts-node/src/index.ts:1621:12)
    at Module.load (node:internal/modules/cjs/loader:1103:32)
    at Function.Module._load (node:internal/modules/cjs/loader:942:12)
    at Module.require (node:internal/modules/cjs/loader:1127:19)
    at require (node:internal/modules/helpers:112:18)
    at Object.<anonymous> (/home/at0x/hackzor/stools/packages/daback/src/middlewares/auth.middleware.ts:7:1)
2023-06-09 12:22:52 error: uncaughtException: dotenv is not defined
ReferenceError: dotenv is not defined
    at Object.<anonymous> (/home/at0x/hackzor/stools/packages/daback/src/controllers/lensControllers/index.js:3:20)
    at Module._compile (node:internal/modules/cjs/loader:1246:14)
    at Module.m._compile (/home/at0x/hackzor/stools/packages/daback/node_modules/ts-node/src/index.ts:1618:23)
    at Module._extensions..js (node:internal/modules/cjs/loader:1300:10)
    at Object.require.extensions.<computed> [as .js] (/home/at0x/hackzor/stools/packages/daback/node_modules/ts-node/src/index.ts:1621:12)
    at Module.load (node:internal/modules/cjs/loader:1103:32)
    at Function.Module._load (node:internal/modules/cjs/loader:942:12)
    at Module.require (node:internal/modules/cjs/loader:1127:19)
    at require (node:internal/modules/helpers:112:18)
    at Object.<anonymous> (/home/at0x/hackzor/stools/packages/daback/src/middlewares/auth.middleware.ts:7:1)
2023-06-09 12:23:27 error: uncaughtException: dotenv is not defined
ReferenceError: dotenv is not defined
    at Object.<anonymous> (/home/at0x/hackzor/stools/packages/daback/src/controllers/lensControllers/index.js:3:20)
    at Module._compile (node:internal/modules/cjs/loader:1246:14)
    at Module.m._compile (/home/at0x/hackzor/stools/packages/daback/node_modules/ts-node/src/index.ts:1618:23)
    at Module._extensions..js (node:internal/modules/cjs/loader:1300:10)
    at Object.require.extensions.<computed> [as .js] (/home/at0x/hackzor/stools/packages/daback/node_modules/ts-node/src/index.ts:1621:12)
    at Module.load (node:internal/modules/cjs/loader:1103:32)
    at Function.Module._load (node:internal/modules/cjs/loader:942:12)
    at Module.require (node:internal/modules/cjs/loader:1127:19)
    at require (node:internal/modules/helpers:112:18)
    at Object.<anonymous> (/home/at0x/hackzor/stools/packages/daback/src/middlewares/auth.middleware.ts:7:1)
2023-06-09 12:28:17 error: uncaughtException: Cannot find module './controllers/lensControllers/index.js'
Require stack:
- /home/at0x/hackzor/stools/packages/daback/src/app.ts
- /home/at0x/hackzor/stools/packages/daback/src/server.ts
Error: Cannot find module './controllers/lensControllers/index.js'
Require stack:
- /home/at0x/hackzor/stools/packages/daback/src/app.ts
- /home/at0x/hackzor/stools/packages/daback/src/server.ts
    at Function.Module._resolveFilename (node:internal/modules/cjs/loader:1060:15)
    at Function.Module._resolveFilename.sharedData.moduleResolveFilenameHook.installedValue (/home/at0x/hackzor/stools/packages/daback/node_modules/@cspotcode/source-map-support/source-map-support.js:811:30)
    at Function.Module._resolveFilename (/home/at0x/hackzor/stools/packages/daback/node_modules/tsconfig-paths/src/register.ts:115:36)
    at Function.Module._load (node:internal/modules/cjs/loader:905:27)
    at Module.require (node:internal/modules/cjs/loader:1127:19)
    at require (node:internal/modules/helpers:112:18)
    at Object.<anonymous> (/home/at0x/hackzor/stools/packages/daback/src/app.ts:15:1)
    at Module._compile (node:internal/modules/cjs/loader:1246:14)
    at Module.m._compile (/home/at0x/hackzor/stools/packages/daback/node_modules/ts-node/src/index.ts:1618:23)
    at Module._extensions..js (node:internal/modules/cjs/loader:1300:10)
2023-06-09 12:30:20 error: uncaughtException: app.use() requires a middleware function
TypeError: app.use() requires a middleware function
    at Function.use (/home/at0x/hackzor/stools/packages/daback/node_modules/express/lib/application.js:217:11)
    at Server.<anonymous> (/home/at0x/hackzor/stools/packages/daback/src/app.ts:39:16)
    at processTicksAndRejections (node:internal/process/task_queues:95:5)
2023-06-09 12:32:20 error: uncaughtException: app.use() requires a middleware function
TypeError: app.use() requires a middleware function
    at Function.use (/home/at0x/hackzor/stools/packages/daback/node_modules/express/lib/application.js:217:11)
    at Server.<anonymous> (/home/at0x/hackzor/stools/packages/daback/src/app.ts:39:16)
    at processTicksAndRejections (node:internal/process/task_queues:95:5)
2023-06-09 12:33:41 error: uncaughtException: app.use() requires a middleware function
TypeError: app.use() requires a middleware function
    at Function.use (/home/at0x/hackzor/stools/packages/daback/node_modules/express/lib/application.js:217:11)
    at App.initializeMiddlewares (/home/at0x/hackzor/stools/packages/daback/src/app.ts:56:14)
    at processTicksAndRejections (node:internal/process/task_queues:95:5)
2023-06-09 12:38:30 error: uncaughtException: Cannot read properties of undefined (reading 'providers')
TypeError: Cannot read properties of undefined (reading 'providers')
    at Object.<anonymous> (/home/at0x/hackzor/stools/packages/daback/src/middlewares/auth.middleware.ts:12:36)
    at Module._compile (node:internal/modules/cjs/loader:1246:14)
    at Module.m._compile (/home/at0x/hackzor/stools/packages/daback/node_modules/ts-node/src/index.ts:1618:23)
    at Module._extensions..js (node:internal/modules/cjs/loader:1300:10)
    at Object.require.extensions.<computed> [as .ts] (/home/at0x/hackzor/stools/packages/daback/node_modules/ts-node/src/index.ts:1621:12)
    at Module.load (node:internal/modules/cjs/loader:1103:32)
    at Function.Module._load (node:internal/modules/cjs/loader:942:12)
    at Module.require (node:internal/modules/cjs/loader:1127:19)
    at require (node:internal/modules/helpers:112:18)
    at Object.<anonymous> (/home/at0x/hackzor/stools/packages/daback/src/routes/auth.route.ts:5:1)
2023-06-09 12:38:42 error: uncaughtException: app.use() requires a middleware function
TypeError: app.use() requires a middleware function
    at Function.use (/home/at0x/hackzor/stools/packages/daback/node_modules/express/lib/application.js:217:11)
    at App.initializeMiddlewares (/home/at0x/hackzor/stools/packages/daback/src/app.ts:56:14)
    at processTicksAndRejections (node:internal/process/task_queues:95:5)
2023-06-09 12:40:39 error: uncaughtException: app.use() requires a middleware function
TypeError: app.use() requires a middleware function
    at Function.use (/home/at0x/hackzor/stools/packages/daback/node_modules/express/lib/application.js:217:11)
    at App.initializeMiddlewares (/home/at0x/hackzor/stools/packages/daback/src/app.ts:56:14)
    at processTicksAndRejections (node:internal/process/task_queues:95:5)
2023-06-09 12:41:10 error: uncaughtException: app.use() requires a middleware function
TypeError: app.use() requires a middleware function
    at Function.use (/home/at0x/hackzor/stools/packages/daback/node_modules/express/lib/application.js:217:11)
    at App.initializeMiddlewares (/home/at0x/hackzor/stools/packages/daback/src/app.ts:56:14)
    at processTicksAndRejections (node:internal/process/task_queues:95:5)
2023-06-09 12:48:29 error: uncaughtException: [GraphQL] InvalidSignature
Error: [GraphQL] InvalidSignature
    at AuthMiddleware (/home/at0x/hackzor/stools/packages/daback/src/middlewares/auth.middleware.ts:64:13)
    at processTicksAndRejections (node:internal/process/task_queues:95:5)
2023-06-09 12:49:14 error: uncaughtException: [GraphQL] InvalidSignature
Error: [GraphQL] InvalidSignature
    at AuthMiddleware (/home/at0x/hackzor/stools/packages/daback/src/middlewares/auth.middleware.ts:64:13)
    at processTicksAndRejections (node:internal/process/task_queues:95:5)
2023-06-09 12:50:27 error: uncaughtException: [GraphQL] InvalidSignature
Error: [GraphQL] InvalidSignature
    at AuthMiddleware (/home/at0x/hackzor/stools/packages/daback/src/middlewares/auth.middleware.ts:64:13)
    at processTicksAndRejections (node:internal/process/task_queues:95:5)
2023-06-09 13:01:17 error: uncaughtException: app.use() requires a middleware function
TypeError: app.use() requires a middleware function
    at Function.use (/home/at0x/hackzor/stools/packages/daback/node_modules/express/lib/application.js:217:11)
    at App.initializeLensHandling (/home/at0x/hackzor/stools/packages/daback/src/app.ts:89:14)
    at processTicksAndRejections (node:internal/process/task_queues:95:5)
2023-06-09 13:01:30 error: uncaughtException: app.use() requires a middleware function
TypeError: app.use() requires a middleware function
    at Function.use (/home/at0x/hackzor/stools/packages/daback/node_modules/express/lib/application.js:217:11)
    at App.initializeLensHandling (/home/at0x/hackzor/stools/packages/daback/src/app.ts:89:14)
    at processTicksAndRejections (node:internal/process/task_queues:95:5)
2023-06-09 13:01:59 error: uncaughtException: app.use() requires a middleware function
TypeError: app.use() requires a middleware function
    at Function.use (/home/at0x/hackzor/stools/packages/daback/node_modules/express/lib/application.js:217:11)
    at App.initializeLensHandling (/home/at0x/hackzor/stools/packages/daback/src/app.ts:90:14)
    at processTicksAndRejections (node:internal/process/task_queues:95:5)
2023-06-09 13:05:44 error: uncaughtException: app.use() requires a middleware function
TypeError: app.use() requires a middleware function
    at Function.use (/home/at0x/hackzor/stools/packages/daback/node_modules/express/lib/application.js:217:11)
    at App.initializeLensHandling (/home/at0x/hackzor/stools/packages/daback/src/app.ts:90:14)
    at processTicksAndRejections (node:internal/process/task_queues:95:5)
2023-06-09 15:26:57 error: [POST] /users/postThingy >> StatusCode:: 500, Message:: this.user.postThingy is not a function
2023-06-09 15:27:20 error: [POST] /users/postThingy >> StatusCode:: 500, Message:: this.user.postThingy is not a function
2023-06-09 15:56:44 error: uncaughtException: Metadata is not valid.
Error: Metadata is not valid.
    at postThingy (/home/at0x/hackzor/stools/packages/daback/src/scripts/createDAPostViaTypedData.ts:25:11)
    at processTicksAndRejections (node:internal/process/task_queues:95:5)
2023-06-09 15:58:59 error: uncaughtException: Metadata is not valid.
Error: Metadata is not valid.
    at postThingy (/home/at0x/hackzor/stools/packages/daback/src/scripts/createDAPostViaTypedData.ts:25:11)
    at processTicksAndRejections (node:internal/process/task_queues:95:5)
2023-06-09 16:00:23 error: uncaughtException: Metadata is not valid.
Error: Metadata is not valid.
    at postThingy (/home/at0x/hackzor/stools/packages/daback/src/scripts/createDAPostViaTypedData.ts:25:11)
    at processTicksAndRejections (node:internal/process/task_queues:95:5)
2023-06-09 16:02:22 error: uncaughtException:  Unable to compile TypeScript:
[96msrc/middlewares/validation.middleware.ts[0m:[93m37[0m:[93m7[0m - [91merror[0m[90m TS1128: [0mDeclaration or statement expected.

[7m37[0m       .catch((errors: ValidationError[]) => {
[7m  [0m [91m      ~[0m
[96msrc/middlewares/validation.middleware.ts[0m:[93m37[0m:[93m8[0m - [91merror[0m[90m TS1005: [0m'try' expected.

[7m37[0m       .catch((errors: ValidationError[]) => {
[7m  [0m [91m       ~~~~~[0m
[96msrc/middlewares/validation.middleware.ts[0m:[93m37[0m:[93m14[0m - [91merror[0m[90m TS1003: [0mIdentifier expected.

[7m37[0m       .catch((errors: ValidationError[]) => {
[7m  [0m [91m             ~[0m
[96msrc/middlewares/validation.middleware.ts[0m:[93m40[0m:[93m8[0m - [91merror[0m[90m TS1005: [0m';' expected.

[7m40[0m       });
[7m  [0m [91m       ~[0m
[96msrc/middlewares/validation.middleware.ts[0m:[93m41[0m:[93m3[0m - [91merror[0m[90m TS1128: [0mDeclaration or statement expected.

[7m41[0m   };
[7m  [0m [91m  ~[0m
[96msrc/middlewares/validation.middleware.ts[0m:[93m42[0m:[93m1[0m - [91merror[0m[90m TS1128: [0mDeclaration or statement expected.

[7m42[0m };
[7m  [0m [91m~[0m

TSError:  Unable to compile TypeScript:
[96msrc/middlewares/validation.middleware.ts[0m:[93m37[0m:[93m7[0m - [91merror[0m[90m TS1128: [0mDeclaration or statement expected.

[7m37[0m       .catch((errors: ValidationError[]) => {
[7m  [0m [91m      ~[0m
[96msrc/middlewares/validation.middleware.ts[0m:[93m37[0m:[93m8[0m - [91merror[0m[90m TS1005: [0m'try' expected.

[7m37[0m       .catch((errors: ValidationError[]) => {
[7m  [0m [91m       ~~~~~[0m
[96msrc/middlewares/validation.middleware.ts[0m:[93m37[0m:[93m14[0m - [91merror[0m[90m TS1003: [0mIdentifier expected.

[7m37[0m       .catch((errors: ValidationError[]) => {
[7m  [0m [91m             ~[0m
[96msrc/middlewares/validation.middleware.ts[0m:[93m40[0m:[93m8[0m - [91merror[0m[90m TS1005: [0m';' expected.

[7m40[0m       });
[7m  [0m [91m       ~[0m
[96msrc/middlewares/validation.middleware.ts[0m:[93m41[0m:[93m3[0m - [91merror[0m[90m TS1128: [0mDeclaration or statement expected.

[7m41[0m   };
[7m  [0m [91m  ~[0m
[96msrc/middlewares/validation.middleware.ts[0m:[93m42[0m:[93m1[0m - [91merror[0m[90m TS1128: [0mDeclaration or statement expected.

[7m42[0m };
[7m  [0m [91m~[0m

    at createTSError (/home/at0x/hackzor/stools/packages/daback/node_modules/ts-node/src/index.ts:859:12)
    at reportTSError (/home/at0x/hackzor/stools/packages/daback/node_modules/ts-node/src/index.ts:863:19)
    at /home/at0x/hackzor/stools/packages/daback/node_modules/ts-node/src/index.ts:1379:34
    at Object.compile (/home/at0x/hackzor/stools/packages/daback/node_modules/ts-node/src/index.ts:1458:13)
    at Module.m._compile (/home/at0x/hackzor/stools/packages/daback/node_modules/ts-node/src/index.ts:1617:30)
    at Module._extensions..js (node:internal/modules/cjs/loader:1300:10)
    at Object.require.extensions.<computed> [as .ts] (/home/at0x/hackzor/stools/packages/daback/node_modules/ts-node/src/index.ts:1621:12)
    at Module.load (node:internal/modules/cjs/loader:1103:32)
    at Function.Module._load (node:internal/modules/cjs/loader:942:12)
    at Module.require (node:internal/modules/cjs/loader:1127:19)
2023-06-09 16:02:35 error: uncaughtException: Metadata is not valid.
Error: Metadata is not valid.
    at postThingy (/home/at0x/hackzor/stools/packages/daback/src/scripts/createDAPostViaTypedData.ts:25:11)
    at processTicksAndRejections (node:internal/process/task_queues:95:5)
2023-06-09 16:04:01 error: uncaughtException: Metadata is not valid.
Error: Metadata is not valid.
    at postThingy (/home/at0x/hackzor/stools/packages/daback/src/scripts/createDAPostViaTypedData.ts:25:11)
    at processTicksAndRejections (node:internal/process/task_queues:95:5)
2023-06-09 16:04:40 error: uncaughtException: Metadata is not valid.
Error: Metadata is not valid.
    at postThingy (/home/at0x/hackzor/stools/packages/daback/src/scripts/createDAPostViaTypedData.ts:25:11)
    at processTicksAndRejections (node:internal/process/task_queues:95:5)
2023-06-09 16:05:02 error: uncaughtException: Metadata is not valid.
Error: Metadata is not valid.
    at postThingy (/home/at0x/hackzor/stools/packages/daback/src/scripts/createDAPostViaTypedData.ts:25:11)
    at processTicksAndRejections (node:internal/process/task_queues:95:5)
2023-06-09 16:19:09 error: uncaughtException: Metadata is not valid.
Error: Metadata is not valid.
    at postThingy (/home/at0x/hackzor/stools/packages/daback/src/scripts/createDAPostViaTypedData.ts:25:11)
    at processTicksAndRejections (node:internal/process/task_queues:95:5)
2023-06-09 16:21:24 error: uncaughtException: Metadata is not valid.
Error: Metadata is not valid.
    at postThingy (/home/at0x/hackzor/stools/packages/daback/src/scripts/createDAPostViaTypedData.ts:25:11)
    at processTicksAndRejections (node:internal/process/task_queues:95:5)
2023-06-09 16:25:14 error: uncaughtException: Metadata is not valid.
Error: Metadata is not valid.
    at postThingy (/home/at0x/hackzor/stools/packages/daback/src/scripts/createDAPostViaTypedData.ts:25:11)
    at processTicksAndRejections (node:internal/process/task_queues:95:5)
2023-06-09 16:26:23 error: uncaughtException: Metadata is not valid.
Error: Metadata is not valid.
    at postThingy (/home/at0x/hackzor/stools/packages/daback/src/scripts/createDAPostViaTypedData.ts:25:11)
    at processTicksAndRejections (node:internal/process/task_queues:95:5)
2023-06-09 16:26:46 error: uncaughtException: Metadata is not valid.
Error: Metadata is not valid.
    at postThingy (/home/at0x/hackzor/stools/packages/daback/src/scripts/createDAPostViaTypedData.ts:25:11)
    at processTicksAndRejections (node:internal/process/task_queues:95:5)
2023-06-09 16:28:45 error: uncaughtException: Metadata is not valid.
Error: Metadata is not valid.
    at postThingy (/home/at0x/hackzor/stools/packages/daback/src/scripts/createDAPostViaTypedData.ts:25:11)
    at processTicksAndRejections (node:internal/process/task_queues:95:5)
2023-06-09 16:34:18 error: uncaughtException: Invalid URL format.
Error: Invalid URL format.
    at postThingy (/home/at0x/hackzor/stools/packages/daback/src/scripts/createDAPostViaTypedData.ts:37:11)
    at processTicksAndRejections (node:internal/process/task_queues:95:5)
